CRITICAL - 2022-01-26 01:07:38 --> The framework needs the following extension(s) installed and loaded: intl.
#0 C:\xampp\htdocs\php\QR-Code-Generator\system\CodeIgniter.php(219): CodeIgniter\Exceptions\FrameworkException::forMissingExtension('intl')
#1 C:\xampp\htdocs\php\QR-Code-Generator\system\CodeIgniter.php(177): CodeIgniter\CodeIgniter->resolvePlatformExtensions()
#2 C:\xampp\htdocs\php\QR-Code-Generator\system\bootstrap.php(146): CodeIgniter\CodeIgniter->initialize()
#3 C:\xampp\htdocs\php\QR-Code-Generator\public\index.php(28): require('C:\\xampp\\htdocs...')
#4 {main}
CRITICAL - 2022-01-26 01:10:10 --> The framework needs the following extension(s) installed and loaded: intl.
#0 C:\xampp\htdocs\php\QR-Code-Generator\system\CodeIgniter.php(219): CodeIgniter\Exceptions\FrameworkException::forMissingExtension('intl')
#1 C:\xampp\htdocs\php\QR-Code-Generator\system\CodeIgniter.php(177): CodeIgniter\CodeIgniter->resolvePlatformExtensions()
#2 C:\xampp\htdocs\php\QR-Code-Generator\system\bootstrap.php(146): CodeIgniter\CodeIgniter->initialize()
#3 C:\xampp\htdocs\php\QR-Code-Generator\public\index.php(28): require('C:\\xampp\\htdocs...')
#4 {main}
CRITICAL - 2022-01-26 01:10:23 --> The framework needs the following extension(s) installed and loaded: intl.
#0 C:\xampp\htdocs\php\QR-Code-Generator\system\CodeIgniter.php(219): CodeIgniter\Exceptions\FrameworkException::forMissingExtension('intl')
#1 C:\xampp\htdocs\php\QR-Code-Generator\system\CodeIgniter.php(177): CodeIgniter\CodeIgniter->resolvePlatformExtensions()
#2 C:\xampp\htdocs\php\QR-Code-Generator\system\bootstrap.php(146): CodeIgniter\CodeIgniter->initialize()
#3 C:\xampp\htdocs\php\QR-Code-Generator\public\index.php(28): require('C:\\xampp\\htdocs...')
#4 {main}
CRITICAL - 2022-01-26 01:10:31 --> The framework needs the following extension(s) installed and loaded: intl.
#0 C:\xampp\htdocs\php\QR-Code-Generator\system\CodeIgniter.php(219): CodeIgniter\Exceptions\FrameworkException::forMissingExtension('intl')
#1 C:\xampp\htdocs\php\QR-Code-Generator\system\CodeIgniter.php(177): CodeIgniter\CodeIgniter->resolvePlatformExtensions()
#2 C:\xampp\htdocs\php\QR-Code-Generator\system\bootstrap.php(146): CodeIgniter\CodeIgniter->initialize()
#3 C:\xampp\htdocs\php\QR-Code-Generator\public\index.php(28): require('C:\\xampp\\htdocs...')
#4 {main}
CRITICAL - 2022-01-26 03:56:35 --> The framework needs the following extension(s) installed and loaded: intl.
#0 C:\xampp\htdocs\php\QR-Code-Generator\system\CodeIgniter.php(219): CodeIgniter\Exceptions\FrameworkException::forMissingExtension('intl')
#1 C:\xampp\htdocs\php\QR-Code-Generator\system\CodeIgniter.php(177): CodeIgniter\CodeIgniter->resolvePlatformExtensions()
#2 C:\xampp\htdocs\php\QR-Code-Generator\system\bootstrap.php(146): CodeIgniter\CodeIgniter->initialize()
#3 C:\xampp\htdocs\php\QR-Code-Generator\public\index.php(28): require('C:\\xampp\\htdocs...')
#4 {main}
CRITICAL - 2022-01-26 03:56:38 --> The framework needs the following extension(s) installed and loaded: intl.
#0 C:\xampp\htdocs\php\QR-Code-Generator\system\CodeIgniter.php(219): CodeIgniter\Exceptions\FrameworkException::forMissingExtension('intl')
#1 C:\xampp\htdocs\php\QR-Code-Generator\system\CodeIgniter.php(177): CodeIgniter\CodeIgniter->resolvePlatformExtensions()
#2 C:\xampp\htdocs\php\QR-Code-Generator\system\bootstrap.php(146): CodeIgniter\CodeIgniter->initialize()
#3 C:\xampp\htdocs\php\QR-Code-Generator\public\index.php(28): require('C:\\xampp\\htdocs...')
#4 {main}
CRITICAL - 2022-01-26 03:56:39 --> The framework needs the following extension(s) installed and loaded: intl.
#0 C:\xampp\htdocs\php\QR-Code-Generator\system\CodeIgniter.php(219): CodeIgniter\Exceptions\FrameworkException::forMissingExtension('intl')
#1 C:\xampp\htdocs\php\QR-Code-Generator\system\CodeIgniter.php(177): CodeIgniter\CodeIgniter->resolvePlatformExtensions()
#2 C:\xampp\htdocs\php\QR-Code-Generator\system\bootstrap.php(146): CodeIgniter\CodeIgniter->initialize()
#3 C:\xampp\htdocs\php\QR-Code-Generator\public\index.php(28): require('C:\\xampp\\htdocs...')
#4 {main}
CRITICAL - 2022-01-26 03:56:43 --> The framework needs the following extension(s) installed and loaded: intl.
#0 C:\xampp\htdocs\php\QR-Code-Generator\system\CodeIgniter.php(219): CodeIgniter\Exceptions\FrameworkException::forMissingExtension('intl')
#1 C:\xampp\htdocs\php\QR-Code-Generator\system\CodeIgniter.php(177): CodeIgniter\CodeIgniter->resolvePlatformExtensions()
#2 C:\xampp\htdocs\php\QR-Code-Generator\system\bootstrap.php(146): CodeIgniter\CodeIgniter->initialize()
#3 C:\xampp\htdocs\php\QR-Code-Generator\public\index.php(28): require('C:\\xampp\\htdocs...')
#4 {main}
CRITICAL - 2022-01-26 03:56:44 --> The framework needs the following extension(s) installed and loaded: intl.
#0 C:\xampp\htdocs\php\QR-Code-Generator\system\CodeIgniter.php(219): CodeIgniter\Exceptions\FrameworkException::forMissingExtension('intl')
#1 C:\xampp\htdocs\php\QR-Code-Generator\system\CodeIgniter.php(177): CodeIgniter\CodeIgniter->resolvePlatformExtensions()
#2 C:\xampp\htdocs\php\QR-Code-Generator\system\bootstrap.php(146): CodeIgniter\CodeIgniter->initialize()
#3 C:\xampp\htdocs\php\QR-Code-Generator\public\index.php(28): require('C:\\xampp\\htdocs...')
#4 {main}
CRITICAL - 2022-01-26 04:00:26 --> The framework needs the following extension(s) installed and loaded: intl.
#0 C:\xampp\htdocs\php\QR-Code-Generator\system\CodeIgniter.php(219): CodeIgniter\Exceptions\FrameworkException::forMissingExtension('intl')
#1 C:\xampp\htdocs\php\QR-Code-Generator\system\CodeIgniter.php(177): CodeIgniter\CodeIgniter->resolvePlatformExtensions()
#2 C:\xampp\htdocs\php\QR-Code-Generator\system\bootstrap.php(146): CodeIgniter\CodeIgniter->initialize()
#3 C:\xampp\htdocs\php\QR-Code-Generator\public\index.php(28): require('C:\\xampp\\htdocs...')
#4 {main}
CRITICAL - 2022-01-26 04:00:29 --> The framework needs the following extension(s) installed and loaded: intl.
#0 C:\xampp\htdocs\php\QR-Code-Generator\system\CodeIgniter.php(219): CodeIgniter\Exceptions\FrameworkException::forMissingExtension('intl')
#1 C:\xampp\htdocs\php\QR-Code-Generator\system\CodeIgniter.php(177): CodeIgniter\CodeIgniter->resolvePlatformExtensions()
#2 C:\xampp\htdocs\php\QR-Code-Generator\system\bootstrap.php(146): CodeIgniter\CodeIgniter->initialize()
#3 C:\xampp\htdocs\php\QR-Code-Generator\public\index.php(28): require('C:\\xampp\\htdocs...')
#4 {main}
CRITICAL - 2022-01-26 04:00:32 --> The framework needs the following extension(s) installed and loaded: intl.
#0 C:\xampp\htdocs\php\QR-Code-Generator\system\CodeIgniter.php(219): CodeIgniter\Exceptions\FrameworkException::forMissingExtension('intl')
#1 C:\xampp\htdocs\php\QR-Code-Generator\system\CodeIgniter.php(177): CodeIgniter\CodeIgniter->resolvePlatformExtensions()
#2 C:\xampp\htdocs\php\QR-Code-Generator\system\bootstrap.php(146): CodeIgniter\CodeIgniter->initialize()
#3 C:\xampp\htdocs\php\QR-Code-Generator\public\index.php(28): require('C:\\xampp\\htdocs...')
#4 {main}
CRITICAL - 2022-01-26 04:00:44 --> The framework needs the following extension(s) installed and loaded: intl.
#0 C:\xampp\htdocs\php\QR-Code-Generator\system\CodeIgniter.php(219): CodeIgniter\Exceptions\FrameworkException::forMissingExtension('intl')
#1 C:\xampp\htdocs\php\QR-Code-Generator\system\CodeIgniter.php(177): CodeIgniter\CodeIgniter->resolvePlatformExtensions()
#2 C:\xampp\htdocs\php\QR-Code-Generator\system\bootstrap.php(146): CodeIgniter\CodeIgniter->initialize()
#3 C:\xampp\htdocs\php\QR-Code-Generator\public\index.php(28): require('C:\\xampp\\htdocs...')
#4 {main}
CRITICAL - 2022-01-26 04:00:45 --> The framework needs the following extension(s) installed and loaded: intl.
#0 C:\xampp\htdocs\php\QR-Code-Generator\system\CodeIgniter.php(219): CodeIgniter\Exceptions\FrameworkException::forMissingExtension('intl')
#1 C:\xampp\htdocs\php\QR-Code-Generator\system\CodeIgniter.php(177): CodeIgniter\CodeIgniter->resolvePlatformExtensions()
#2 C:\xampp\htdocs\php\QR-Code-Generator\system\bootstrap.php(146): CodeIgniter\CodeIgniter->initialize()
#3 C:\xampp\htdocs\php\QR-Code-Generator\public\index.php(28): require('C:\\xampp\\htdocs...')
#4 {main}
CRITICAL - 2022-01-26 04:08:08 --> The framework needs the following extension(s) installed and loaded: intl.
#0 C:\xampp\htdocs\php\QR-Code-Generator\system\CodeIgniter.php(219): CodeIgniter\Exceptions\FrameworkException::forMissingExtension('intl')
#1 C:\xampp\htdocs\php\QR-Code-Generator\system\CodeIgniter.php(177): CodeIgniter\CodeIgniter->resolvePlatformExtensions()
#2 C:\xampp\htdocs\php\QR-Code-Generator\system\bootstrap.php(146): CodeIgniter\CodeIgniter->initialize()
#3 C:\xampp\htdocs\php\QR-Code-Generator\public\index.php(28): require('C:\\xampp\\htdocs...')
#4 {main}
CRITICAL - 2022-01-26 04:08:10 --> The framework needs the following extension(s) installed and loaded: intl.
#0 C:\xampp\htdocs\php\QR-Code-Generator\system\CodeIgniter.php(219): CodeIgniter\Exceptions\FrameworkException::forMissingExtension('intl')
#1 C:\xampp\htdocs\php\QR-Code-Generator\system\CodeIgniter.php(177): CodeIgniter\CodeIgniter->resolvePlatformExtensions()
#2 C:\xampp\htdocs\php\QR-Code-Generator\system\bootstrap.php(146): CodeIgniter\CodeIgniter->initialize()
#3 C:\xampp\htdocs\php\QR-Code-Generator\public\index.php(28): require('C:\\xampp\\htdocs...')
#4 {main}
CRITICAL - 2022-01-26 04:10:00 --> The framework needs the following extension(s) installed and loaded: intl.
#0 C:\xampp\htdocs\php\QR-Code-Generator\system\CodeIgniter.php(219): CodeIgniter\Exceptions\FrameworkException::forMissingExtension('intl')
#1 C:\xampp\htdocs\php\QR-Code-Generator\system\CodeIgniter.php(177): CodeIgniter\CodeIgniter->resolvePlatformExtensions()
#2 C:\xampp\htdocs\php\QR-Code-Generator\system\bootstrap.php(146): CodeIgniter\CodeIgniter->initialize()
#3 C:\xampp\htdocs\php\QR-Code-Generator\public\index.php(28): require('C:\\xampp\\htdocs...')
#4 {main}
CRITICAL - 2022-01-26 04:10:04 --> The framework needs the following extension(s) installed and loaded: intl.
#0 C:\xampp\htdocs\php\QR-Code-Generator\system\CodeIgniter.php(219): CodeIgniter\Exceptions\FrameworkException::forMissingExtension('intl')
#1 C:\xampp\htdocs\php\QR-Code-Generator\system\CodeIgniter.php(177): CodeIgniter\CodeIgniter->resolvePlatformExtensions()
#2 C:\xampp\htdocs\php\QR-Code-Generator\system\bootstrap.php(146): CodeIgniter\CodeIgniter->initialize()
#3 C:\xampp\htdocs\php\QR-Code-Generator\public\index.php(28): require('C:\\xampp\\htdocs...')
#4 {main}
CRITICAL - 2022-01-26 04:10:07 --> The framework needs the following extension(s) installed and loaded: intl.
#0 C:\xampp\htdocs\php\QR-Code-Generator\system\CodeIgniter.php(219): CodeIgniter\Exceptions\FrameworkException::forMissingExtension('intl')
#1 C:\xampp\htdocs\php\QR-Code-Generator\system\CodeIgniter.php(177): CodeIgniter\CodeIgniter->resolvePlatformExtensions()
#2 C:\xampp\htdocs\php\QR-Code-Generator\system\bootstrap.php(146): CodeIgniter\CodeIgniter->initialize()
#3 C:\xampp\htdocs\php\QR-Code-Generator\public\index.php(28): require('C:\\xampp\\htdocs...')
#4 {main}
CRITICAL - 2022-01-26 04:10:23 --> The framework needs the following extension(s) installed and loaded: intl.
#0 C:\xampp\htdocs\php\QR-Code-Generator\system\CodeIgniter.php(219): CodeIgniter\Exceptions\FrameworkException::forMissingExtension('intl')
#1 C:\xampp\htdocs\php\QR-Code-Generator\system\CodeIgniter.php(177): CodeIgniter\CodeIgniter->resolvePlatformExtensions()
#2 C:\xampp\htdocs\php\QR-Code-Generator\system\bootstrap.php(146): CodeIgniter\CodeIgniter->initialize()
#3 C:\xampp\htdocs\php\QR-Code-Generator\public\index.php(28): require('C:\\xampp\\htdocs...')
#4 {main}
CRITICAL - 2022-01-26 04:10:27 --> The framework needs the following extension(s) installed and loaded: intl.
#0 C:\xampp\htdocs\php\QR-Code-Generator\system\CodeIgniter.php(219): CodeIgniter\Exceptions\FrameworkException::forMissingExtension('intl')
#1 C:\xampp\htdocs\php\QR-Code-Generator\system\CodeIgniter.php(177): CodeIgniter\CodeIgniter->resolvePlatformExtensions()
#2 C:\xampp\htdocs\php\QR-Code-Generator\system\bootstrap.php(146): CodeIgniter\CodeIgniter->initialize()
#3 C:\xampp\htdocs\php\QR-Code-Generator\public\index.php(28): require('C:\\xampp\\htdocs...')
#4 {main}
CRITICAL - 2022-01-26 04:12:50 --> The framework needs the following extension(s) installed and loaded: intl.
#0 C:\xampp\htdocs\php\QR-Code-Generator\system\CodeIgniter.php(219): CodeIgniter\Exceptions\FrameworkException::forMissingExtension('intl')
#1 C:\xampp\htdocs\php\QR-Code-Generator\system\CodeIgniter.php(177): CodeIgniter\CodeIgniter->resolvePlatformExtensions()
#2 C:\xampp\htdocs\php\QR-Code-Generator\system\bootstrap.php(146): CodeIgniter\CodeIgniter->initialize()
#3 C:\xampp\htdocs\php\QR-Code-Generator\public\index.php(28): require('C:\\xampp\\htdocs...')
#4 {main}
CRITICAL - 2022-01-26 04:13:36 --> The framework needs the following extension(s) installed and loaded: intl.
#0 C:\xampp\htdocs\php\QR-Code-Generator\system\CodeIgniter.php(219): CodeIgniter\Exceptions\FrameworkException::forMissingExtension('intl')
#1 C:\xampp\htdocs\php\QR-Code-Generator\system\CodeIgniter.php(177): CodeIgniter\CodeIgniter->resolvePlatformExtensions()
#2 C:\xampp\htdocs\php\QR-Code-Generator\system\bootstrap.php(146): CodeIgniter\CodeIgniter->initialize()
#3 C:\xampp\htdocs\php\QR-Code-Generator\public\index.php(28): require('C:\\xampp\\htdocs...')
#4 {main}
CRITICAL - 2022-01-26 04:13:38 --> The framework needs the following extension(s) installed and loaded: intl.
#0 C:\xampp\htdocs\php\QR-Code-Generator\system\CodeIgniter.php(219): CodeIgniter\Exceptions\FrameworkException::forMissingExtension('intl')
#1 C:\xampp\htdocs\php\QR-Code-Generator\system\CodeIgniter.php(177): CodeIgniter\CodeIgniter->resolvePlatformExtensions()
#2 C:\xampp\htdocs\php\QR-Code-Generator\system\bootstrap.php(146): CodeIgniter\CodeIgniter->initialize()
#3 C:\xampp\htdocs\php\QR-Code-Generator\public\index.php(28): require('C:\\xampp\\htdocs...')
#4 {main}
CRITICAL - 2022-01-26 04:14:58 --> The framework needs the following extension(s) installed and loaded: intl.
#0 C:\xampp\htdocs\php\QR-Code-Generator\system\CodeIgniter.php(219): CodeIgniter\Exceptions\FrameworkException::forMissingExtension('intl')
#1 C:\xampp\htdocs\php\QR-Code-Generator\system\CodeIgniter.php(177): CodeIgniter\CodeIgniter->resolvePlatformExtensions()
#2 C:\xampp\htdocs\php\QR-Code-Generator\system\bootstrap.php(146): CodeIgniter\CodeIgniter->initialize()
#3 C:\xampp\htdocs\php\QR-Code-Generator\public\index.php(28): require('C:\\xampp\\htdocs...')
#4 {main}
CRITICAL - 2022-01-26 04:15:07 --> The framework needs the following extension(s) installed and loaded: intl.
#0 C:\xampp\htdocs\php\QR-Code-Generator\system\CodeIgniter.php(219): CodeIgniter\Exceptions\FrameworkException::forMissingExtension('intl')
#1 C:\xampp\htdocs\php\QR-Code-Generator\system\CodeIgniter.php(177): CodeIgniter\CodeIgniter->resolvePlatformExtensions()
#2 C:\xampp\htdocs\php\QR-Code-Generator\system\bootstrap.php(146): CodeIgniter\CodeIgniter->initialize()
#3 C:\xampp\htdocs\php\QR-Code-Generator\public\index.php(28): require('C:\\xampp\\htdocs...')
#4 {main}
CRITICAL - 2022-01-26 04:15:09 --> The framework needs the following extension(s) installed and loaded: intl.
#0 C:\xampp\htdocs\php\QR-Code-Generator\system\CodeIgniter.php(219): CodeIgniter\Exceptions\FrameworkException::forMissingExtension('intl')
#1 C:\xampp\htdocs\php\QR-Code-Generator\system\CodeIgniter.php(177): CodeIgniter\CodeIgniter->resolvePlatformExtensions()
#2 C:\xampp\htdocs\php\QR-Code-Generator\system\bootstrap.php(146): CodeIgniter\CodeIgniter->initialize()
#3 C:\xampp\htdocs\php\QR-Code-Generator\public\index.php(28): require('C:\\xampp\\htdocs...')
#4 {main}
CRITICAL - 2022-01-26 04:15:24 --> The framework needs the following extension(s) installed and loaded: intl.
#0 C:\xampp\htdocs\php\QR-Code-Generator\system\CodeIgniter.php(219): CodeIgniter\Exceptions\FrameworkException::forMissingExtension('intl')
#1 C:\xampp\htdocs\php\QR-Code-Generator\system\CodeIgniter.php(177): CodeIgniter\CodeIgniter->resolvePlatformExtensions()
#2 C:\xampp\htdocs\php\QR-Code-Generator\system\bootstrap.php(146): CodeIgniter\CodeIgniter->initialize()
#3 C:\xampp\htdocs\php\QR-Code-Generator\public\index.php(28): require('C:\\xampp\\htdocs...')
#4 {main}
CRITICAL - 2022-01-26 04:32:16 --> The framework needs the following extension(s) installed and loaded: intl.
#0 C:\xampp\htdocs\QR-Code-Generator\system\CodeIgniter.php(219): CodeIgniter\Exceptions\FrameworkException::forMissingExtension('intl')
#1 C:\xampp\htdocs\QR-Code-Generator\system\CodeIgniter.php(177): CodeIgniter\CodeIgniter->resolvePlatformExtensions()
#2 C:\xampp\htdocs\QR-Code-Generator\system\bootstrap.php(146): CodeIgniter\CodeIgniter->initialize()
#3 C:\xampp\htdocs\QR-Code-Generator\public\index.php(28): require('C:\\xampp\\htdocs...')
#4 {main}
CRITICAL - 2022-01-26 04:32:25 --> The framework needs the following extension(s) installed and loaded: intl.
#0 C:\xampp\htdocs\QR-Code-Generator\system\CodeIgniter.php(219): CodeIgniter\Exceptions\FrameworkException::forMissingExtension('intl')
#1 C:\xampp\htdocs\QR-Code-Generator\system\CodeIgniter.php(177): CodeIgniter\CodeIgniter->resolvePlatformExtensions()
#2 C:\xampp\htdocs\QR-Code-Generator\system\bootstrap.php(146): CodeIgniter\CodeIgniter->initialize()
#3 C:\xampp\htdocs\QR-Code-Generator\public\index.php(28): require('C:\\xampp\\htdocs...')
#4 {main}
CRITICAL - 2022-01-26 04:32:42 --> The framework needs the following extension(s) installed and loaded: intl.
#0 C:\xampp\htdocs\php\QR-Code-Generator\system\CodeIgniter.php(219): CodeIgniter\Exceptions\FrameworkException::forMissingExtension('intl')
#1 C:\xampp\htdocs\php\QR-Code-Generator\system\CodeIgniter.php(177): CodeIgniter\CodeIgniter->resolvePlatformExtensions()
#2 C:\xampp\htdocs\php\QR-Code-Generator\system\bootstrap.php(146): CodeIgniter\CodeIgniter->initialize()
#3 C:\xampp\htdocs\php\QR-Code-Generator\public\index.php(28): require('C:\\xampp\\htdocs...')
#4 {main}
CRITICAL - 2022-01-26 04:32:45 --> The framework needs the following extension(s) installed and loaded: intl.
#0 C:\xampp\htdocs\php\QR-Code-Generator\system\CodeIgniter.php(219): CodeIgniter\Exceptions\FrameworkException::forMissingExtension('intl')
#1 C:\xampp\htdocs\php\QR-Code-Generator\system\CodeIgniter.php(177): CodeIgniter\CodeIgniter->resolvePlatformExtensions()
#2 C:\xampp\htdocs\php\QR-Code-Generator\system\bootstrap.php(146): CodeIgniter\CodeIgniter->initialize()
#3 C:\xampp\htdocs\php\QR-Code-Generator\public\index.php(28): require('C:\\xampp\\htdocs...')
#4 {main}
CRITICAL - 2022-01-26 04:40:49 --> The framework needs the following extension(s) installed and loaded: intl.
#0 C:\xampp\htdocs\php\QR-Code-Generator\system\CodeIgniter.php(219): CodeIgniter\Exceptions\FrameworkException::forMissingExtension('intl')
#1 C:\xampp\htdocs\php\QR-Code-Generator\system\CodeIgniter.php(177): CodeIgniter\CodeIgniter->resolvePlatformExtensions()
#2 C:\xampp\htdocs\php\QR-Code-Generator\system\bootstrap.php(146): CodeIgniter\CodeIgniter->initialize()
#3 C:\xampp\htdocs\php\QR-Code-Generator\public\index.php(28): require('C:\\xampp\\htdocs...')
#4 {main}
CRITICAL - 2022-01-26 04:40:53 --> The framework needs the following extension(s) installed and loaded: intl.
#0 C:\xampp\htdocs\php\QR-Code-Generator\system\CodeIgniter.php(219): CodeIgniter\Exceptions\FrameworkException::forMissingExtension('intl')
#1 C:\xampp\htdocs\php\QR-Code-Generator\system\CodeIgniter.php(177): CodeIgniter\CodeIgniter->resolvePlatformExtensions()
#2 C:\xampp\htdocs\php\QR-Code-Generator\system\bootstrap.php(146): CodeIgniter\CodeIgniter->initialize()
#3 C:\xampp\htdocs\php\QR-Code-Generator\public\index.php(28): require('C:\\xampp\\htdocs...')
#4 {main}
CRITICAL - 2022-01-26 04:40:54 --> The framework needs the following extension(s) installed and loaded: intl.
#0 C:\xampp\htdocs\php\QR-Code-Generator\system\CodeIgniter.php(219): CodeIgniter\Exceptions\FrameworkException::forMissingExtension('intl')
#1 C:\xampp\htdocs\php\QR-Code-Generator\system\CodeIgniter.php(177): CodeIgniter\CodeIgniter->resolvePlatformExtensions()
#2 C:\xampp\htdocs\php\QR-Code-Generator\system\bootstrap.php(146): CodeIgniter\CodeIgniter->initialize()
#3 C:\xampp\htdocs\php\QR-Code-Generator\public\index.php(28): require('C:\\xampp\\htdocs...')
#4 {main}
CRITICAL - 2022-01-26 04:41:17 --> The framework needs the following extension(s) installed and loaded: intl.
#0 C:\xampp\htdocs\php\QR-Code-Generator\system\CodeIgniter.php(219): CodeIgniter\Exceptions\FrameworkException::forMissingExtension('intl')
#1 C:\xampp\htdocs\php\QR-Code-Generator\system\CodeIgniter.php(177): CodeIgniter\CodeIgniter->resolvePlatformExtensions()
#2 C:\xampp\htdocs\php\QR-Code-Generator\system\bootstrap.php(146): CodeIgniter\CodeIgniter->initialize()
#3 C:\xampp\htdocs\php\QR-Code-Generator\public\index.php(28): require('C:\\xampp\\htdocs...')
#4 {main}
CRITICAL - 2022-01-26 04:41:20 --> The framework needs the following extension(s) installed and loaded: intl.
#0 C:\xampp\htdocs\php\QR-Code-Generator\system\CodeIgniter.php(219): CodeIgniter\Exceptions\FrameworkException::forMissingExtension('intl')
#1 C:\xampp\htdocs\php\QR-Code-Generator\system\CodeIgniter.php(177): CodeIgniter\CodeIgniter->resolvePlatformExtensions()
#2 C:\xampp\htdocs\php\QR-Code-Generator\system\bootstrap.php(146): CodeIgniter\CodeIgniter->initialize()
#3 C:\xampp\htdocs\php\QR-Code-Generator\public\index.php(28): require('C:\\xampp\\htdocs...')
#4 {main}
CRITICAL - 2022-01-26 04:41:46 --> The framework needs the following extension(s) installed and loaded: intl.
#0 C:\xampp\htdocs\php\QR-Code-Generator\system\CodeIgniter.php(219): CodeIgniter\Exceptions\FrameworkException::forMissingExtension('intl')
#1 C:\xampp\htdocs\php\QR-Code-Generator\system\CodeIgniter.php(177): CodeIgniter\CodeIgniter->resolvePlatformExtensions()
#2 C:\xampp\htdocs\php\QR-Code-Generator\system\bootstrap.php(146): CodeIgniter\CodeIgniter->initialize()
#3 C:\xampp\htdocs\php\QR-Code-Generator\public\index.php(28): require('C:\\xampp\\htdocs...')
#4 {main}
CRITICAL - 2022-01-26 04:42:28 --> The framework needs the following extension(s) installed and loaded: intl.
#0 C:\xampp\htdocs\php\QR-Code-Generator\system\CodeIgniter.php(219): CodeIgniter\Exceptions\FrameworkException::forMissingExtension('intl')
#1 C:\xampp\htdocs\php\QR-Code-Generator\system\CodeIgniter.php(177): CodeIgniter\CodeIgniter->resolvePlatformExtensions()
#2 C:\xampp\htdocs\php\QR-Code-Generator\system\bootstrap.php(146): CodeIgniter\CodeIgniter->initialize()
#3 C:\xampp\htdocs\php\QR-Code-Generator\public\index.php(28): require('C:\\xampp\\htdocs...')
#4 {main}
CRITICAL - 2022-01-26 04:42:30 --> The framework needs the following extension(s) installed and loaded: intl.
#0 C:\xampp\htdocs\php\QR-Code-Generator\system\CodeIgniter.php(219): CodeIgniter\Exceptions\FrameworkException::forMissingExtension('intl')
#1 C:\xampp\htdocs\php\QR-Code-Generator\system\CodeIgniter.php(177): CodeIgniter\CodeIgniter->resolvePlatformExtensions()
#2 C:\xampp\htdocs\php\QR-Code-Generator\system\bootstrap.php(146): CodeIgniter\CodeIgniter->initialize()
#3 C:\xampp\htdocs\php\QR-Code-Generator\public\index.php(28): require('C:\\xampp\\htdocs...')
#4 {main}
CRITICAL - 2022-01-26 04:42:38 --> The framework needs the following extension(s) installed and loaded: intl.
#0 C:\xampp\htdocs\php\QR-Code-Generator\system\CodeIgniter.php(219): CodeIgniter\Exceptions\FrameworkException::forMissingExtension('intl')
#1 C:\xampp\htdocs\php\QR-Code-Generator\system\CodeIgniter.php(177): CodeIgniter\CodeIgniter->resolvePlatformExtensions()
#2 C:\xampp\htdocs\php\QR-Code-Generator\system\bootstrap.php(146): CodeIgniter\CodeIgniter->initialize()
#3 C:\xampp\htdocs\php\QR-Code-Generator\public\index.php(28): require('C:\\xampp\\htdocs...')
#4 {main}
CRITICAL - 2022-01-26 04:42:40 --> The framework needs the following extension(s) installed and loaded: intl.
#0 C:\xampp\htdocs\php\QR-Code-Generator\system\CodeIgniter.php(219): CodeIgniter\Exceptions\FrameworkException::forMissingExtension('intl')
#1 C:\xampp\htdocs\php\QR-Code-Generator\system\CodeIgniter.php(177): CodeIgniter\CodeIgniter->resolvePlatformExtensions()
#2 C:\xampp\htdocs\php\QR-Code-Generator\system\bootstrap.php(146): CodeIgniter\CodeIgniter->initialize()
#3 C:\xampp\htdocs\php\QR-Code-Generator\public\index.php(28): require('C:\\xampp\\htdocs...')
#4 {main}
CRITICAL - 2022-01-26 04:43:20 --> The framework needs the following extension(s) installed and loaded: intl.
#0 C:\xampp\htdocs\php\QR-Code-Generator\system\CodeIgniter.php(219): CodeIgniter\Exceptions\FrameworkException::forMissingExtension('intl')
#1 C:\xampp\htdocs\php\QR-Code-Generator\system\CodeIgniter.php(177): CodeIgniter\CodeIgniter->resolvePlatformExtensions()
#2 C:\xampp\htdocs\php\QR-Code-Generator\system\bootstrap.php(146): CodeIgniter\CodeIgniter->initialize()
#3 C:\xampp\htdocs\php\QR-Code-Generator\public\index.php(28): require('C:\\xampp\\htdocs...')
#4 {main}
CRITICAL - 2022-01-26 04:43:21 --> The framework needs the following extension(s) installed and loaded: intl.
#0 C:\xampp\htdocs\php\QR-Code-Generator\system\CodeIgniter.php(219): CodeIgniter\Exceptions\FrameworkException::forMissingExtension('intl')
#1 C:\xampp\htdocs\php\QR-Code-Generator\system\CodeIgniter.php(177): CodeIgniter\CodeIgniter->resolvePlatformExtensions()
#2 C:\xampp\htdocs\php\QR-Code-Generator\system\bootstrap.php(146): CodeIgniter\CodeIgniter->initialize()
#3 C:\xampp\htdocs\php\QR-Code-Generator\public\index.php(28): require('C:\\xampp\\htdocs...')
#4 {main}
CRITICAL - 2022-01-26 04:43:49 --> The framework needs the following extension(s) installed and loaded: intl.
#0 C:\xampp\htdocs\php\QR-Code-Generator\system\CodeIgniter.php(219): CodeIgniter\Exceptions\FrameworkException::forMissingExtension('intl')
#1 C:\xampp\htdocs\php\QR-Code-Generator\system\CodeIgniter.php(177): CodeIgniter\CodeIgniter->resolvePlatformExtensions()
#2 C:\xampp\htdocs\php\QR-Code-Generator\system\bootstrap.php(146): CodeIgniter\CodeIgniter->initialize()
#3 C:\xampp\htdocs\php\QR-Code-Generator\public\index.php(28): require('C:\\xampp\\htdocs...')
#4 {main}
CRITICAL - 2022-01-26 04:47:32 --> Call to undefined function CodeIgniter\locale_set_default()
#0 C:\xampp\htdocs\php\QR-Code-Generator\system\bootstrap.php(146): CodeIgniter\CodeIgniter->initialize()
#1 C:\xampp\htdocs\php\QR-Code-Generator\public\index.php(28): require('C:\\xampp\\htdocs...')
#2 {main}
CRITICAL - 2022-01-26 04:48:38 --> The framework needs the following extension(s) installed and loaded: intl.
#0 C:\xampp\htdocs\php\QR-Code-Generator\system\CodeIgniter.php(219): CodeIgniter\Exceptions\FrameworkException::forMissingExtension('intl')
#1 C:\xampp\htdocs\php\QR-Code-Generator\system\CodeIgniter.php(177): CodeIgniter\CodeIgniter->resolvePlatformExtensions()
#2 C:\xampp\htdocs\php\QR-Code-Generator\system\bootstrap.php(146): CodeIgniter\CodeIgniter->initialize()
#3 C:\xampp\htdocs\php\QR-Code-Generator\public\index.php(28): require('C:\\xampp\\htdocs...')
#4 {main}
